PixelGen/jobs/create_coloc_dataset.lsf: line 25: --output-name: command not found

------------------------------------------------------------
Sender: LSF System <DoNotReply>
Subject: Job 697677: <coloc-dataset> in cluster <wexac> Exited

Job <coloc-dataset> was submitted from host <login3> by user <eitangr> in cluster <wexac> at Mon Jun 23 09:11:31 2025
Job was executed on host(s) <lgn11>, in queue <long-gpu>, as user <eitangr> in cluster <wexac> at Mon Jun 23 09:11:34 2025
</home/projects/nyosef/eitangr> was used as the home directory.
</home/projects/nyosef/eitangr/pixelgen> was used as the working directory.
Started at Mon Jun 23 09:11:34 2025
Terminated at Mon Jun 23 09:16:26 2025
Results reported at Mon Jun 23 09:16:26 2025

Your job looked like:

------------------------------------------------------------
# LSBATCH: User input
bash PixelGen/jobs/create_coloc_dataset.lsf ./PixelGen/datasets/pbmc-pha-v2.0/combined_resting_PHA_data.pxl pbmcs_pha_with_hs 16 True
------------------------------------------------------------

Exited with exit code 127.

Resource usage summary:

    CPU time :                                   653.00 sec.
    Max Memory :                                 301441 MB
    Average Memory :                             124595.20 MB
    Total Requested Memory :                     524288.00 MB
    Delta Memory :                               222847.00 MB
    Max Swap :                                   -
    Max Processes :                              21
    Max Threads :                                67
    Run time :                                   292 sec.
    Turnaround time :                            295 sec.

The output (if any) is above this job summary.

PixelGen/jobs/create_coloc_dataset.lsf: line 18: activate: No such file or directory

CondaError: Run 'conda init' before 'conda activate'


------------------------------------------------------------
Sender: LSF System <DoNotReply>
Subject: Job 699583: <coloc-dataset> in cluster <wexac> Done

Job <coloc-dataset> was submitted from host <login3> by user <eitangr> in cluster <wexac> at Mon Jun 23 09:19:31 2025
Job was executed on host(s) <hgn61>, in queue <long-gpu>, as user <eitangr> in cluster <wexac> at Mon Jun 23 09:19:34 2025
</home/projects/nyosef/eitangr> was used as the home directory.
</home/projects/nyosef/eitangr/pixelgen> was used as the working directory.
Started at Mon Jun 23 09:19:34 2025
Terminated at Mon Jun 23 09:20:10 2025
Results reported at Mon Jun 23 09:20:10 2025

Your job looked like:

------------------------------------------------------------
# LSBATCH: User input
bash PixelGen/jobs/create_coloc_dataset.lsf ./PixelGen/datasets/pbmc-pha-v2.0/combined_resting_PHA_data.pxl pbmcs_pha_with_hs 16 True
------------------------------------------------------------

Successfully completed.

Resource usage summary:

    CPU time :                                   26.00 sec.
    Max Memory :                                 458 MB
    Average Memory :                             290.71 MB
    Total Requested Memory :                     524288.00 MB
    Delta Memory :                               523830.00 MB
    Max Swap :                                   -
    Max Processes :                              5
    Max Threads :                                25
    Run time :                                   37 sec.
    Turnaround time :                            39 sec.

The output (if any) is above this job summary.

PixelGen/jobs/create_coloc_dataset.lsf: line 18: activate: No such file or directory

CondaError: Run 'conda init' before 'conda activate'


------------------------------------------------------------
Sender: LSF System <DoNotReply>
Subject: Job 701081: <coloc-dataset> in cluster <wexac> Done

Job <coloc-dataset> was submitted from host <login3> by user <eitangr> in cluster <wexac> at Mon Jun 23 09:25:41 2025
Job was executed on host(s) <hgn60>, in queue <long-gpu>, as user <eitangr> in cluster <wexac> at Mon Jun 23 09:25:43 2025
</home/projects/nyosef/eitangr> was used as the home directory.
</home/projects/nyosef/eitangr/pixelgen> was used as the working directory.
Started at Mon Jun 23 09:25:43 2025
Terminated at Mon Jun 23 09:31:18 2025
Results reported at Mon Jun 23 09:31:18 2025

Your job looked like:

------------------------------------------------------------
# LSBATCH: User input
bash PixelGen/jobs/create_coloc_dataset.lsf ./PixelGen/datasets/pbmc-pha-v2.0/combined_resting_PHA_data.pxl pbmcs_pha_with_hs 16 True
------------------------------------------------------------

Successfully completed.

Resource usage summary:

    CPU time :                                   741.00 sec.
    Max Memory :                                 301519 MB
    Average Memory :                             99942.22 MB
    Total Requested Memory :                     524288.00 MB
    Delta Memory :                               222769.00 MB
    Max Swap :                                   -
    Max Processes :                              21
    Max Threads :                                211
    Run time :                                   335 sec.
    Turnaround time :                            337 sec.

The output (if any) is above this job summary.


------------------------------------------------------------
Sender: LSF System <DoNotReply>
Subject: Job 708952: <coloc-dataset> in cluster <wexac> Done

Job <coloc-dataset> was submitted from host <login3> by user <eitangr> in cluster <wexac> at Mon Jun 23 09:59:48 2025
Job was executed on host(s) <hgn48>, in queue <long-gpu>, as user <eitangr> in cluster <wexac> at Mon Jun 23 09:59:50 2025
</home/projects/nyosef/eitangr> was used as the home directory.
</home/projects/nyosef/eitangr/pixelgen> was used as the working directory.
Started at Mon Jun 23 09:59:50 2025
Terminated at Mon Jun 23 10:00:42 2025
Results reported at Mon Jun 23 10:00:42 2025

Your job looked like:

------------------------------------------------------------
# LSBATCH: User input
bash PixelGen/jobs/create_coloc_dataset.lsf ./PixelGen/datasets/pbmc-pha-v2.0/combined_resting_PHA_data.pxl pbmcs_pha_with_hs 16 False
------------------------------------------------------------

Successfully completed.

Resource usage summary:

    CPU time :                                   146.00 sec.
    Max Memory :                                 3448 MB
    Average Memory :                             1201.00 MB
    Total Requested Memory :                     524288.00 MB
    Delta Memory :                               520840.00 MB
    Max Swap :                                   -
    Max Processes :                              21
    Max Threads :                                156
    Run time :                                   56 sec.
    Turnaround time :                            54 sec.

The output (if any) is above this job summary.


------------------------------------------------------------
Sender: LSF System <DoNotReply>
Subject: Job 709918: <coloc-dataset> in cluster <wexac> Done

Job <coloc-dataset> was submitted from host <login3> by user <eitangr> in cluster <wexac> at Mon Jun 23 10:06:26 2025
Job was executed on host(s) <lgn07>, in queue <long-gpu>, as user <eitangr> in cluster <wexac> at Mon Jun 23 10:06:32 2025
</home/projects/nyosef/eitangr> was used as the home directory.
</home/projects/nyosef/eitangr/pixelgen> was used as the working directory.
Started at Mon Jun 23 10:06:32 2025
Terminated at Mon Jun 23 10:07:24 2025
Results reported at Mon Jun 23 10:07:24 2025

Your job looked like:

------------------------------------------------------------
# LSBATCH: User input
bash PixelGen/jobs/create_coloc_dataset.lsf ./PixelGen/datasets/pbmc-pha-v2.0/combined_resting_PHA_data.pxl pbmcs_pha_with_hs 16 False
------------------------------------------------------------

Successfully completed.

Resource usage summary:

    CPU time :                                   120.00 sec.
    Max Memory :                                 3573 MB
    Average Memory :                             1014.22 MB
    Total Requested Memory :                     524288.00 MB
    Delta Memory :                               520715.00 MB
    Max Swap :                                   -
    Max Processes :                              21
    Max Threads :                                140
    Run time :                                   53 sec.
    Turnaround time :                            58 sec.

The output (if any) is above this job summary.


------------------------------------------------------------
Sender: LSF System <DoNotReply>
Subject: Job 710606: <coloc-dataset> in cluster <wexac> Done

Job <coloc-dataset> was submitted from host <login3> by user <eitangr> in cluster <wexac> at Mon Jun 23 10:10:45 2025
Job was executed on host(s) <hgn42>, in queue <long-gpu>, as user <eitangr> in cluster <wexac> at Mon Jun 23 10:10:49 2025
</home/projects/nyosef/eitangr> was used as the home directory.
</home/projects/nyosef/eitangr/pixelgen> was used as the working directory.
Started at Mon Jun 23 10:10:49 2025
Terminated at Mon Jun 23 10:11:39 2025
Results reported at Mon Jun 23 10:11:39 2025

Your job looked like:

------------------------------------------------------------
# LSBATCH: User input
bash PixelGen/jobs/create_coloc_dataset.lsf ./PixelGen/datasets/pbmc-pha-v2.0/combined_resting_PHA_data.pxl pbmcs_pha_with_hs 16 False
------------------------------------------------------------

Successfully completed.

Resource usage summary:

    CPU time :                                   136.00 sec.
    Max Memory :                                 3573 MB
    Average Memory :                             1883.89 MB
    Total Requested Memory :                     524288.00 MB
    Delta Memory :                               520715.00 MB
    Max Swap :                                   -
    Max Processes :                              21
    Max Threads :                                172
    Run time :                                   51 sec.
    Turnaround time :                            54 sec.

The output (if any) is above this job summary.

False

------------------------------------------------------------
Sender: LSF System <DoNotReply>
Subject: Job 710797: <coloc-dataset> in cluster <wexac> Done

Job <coloc-dataset> was submitted from host <login3> by user <eitangr> in cluster <wexac> at Mon Jun 23 10:12:30 2025
Job was executed on host(s) <hgn43>, in queue <long-gpu>, as user <eitangr> in cluster <wexac> at Mon Jun 23 10:12:34 2025
</home/projects/nyosef/eitangr> was used as the home directory.
</home/projects/nyosef/eitangr/pixelgen> was used as the working directory.
Started at Mon Jun 23 10:12:34 2025
Terminated at Mon Jun 23 10:13:32 2025
Results reported at Mon Jun 23 10:13:32 2025

Your job looked like:

------------------------------------------------------------
# LSBATCH: User input
bash PixelGen/jobs/create_coloc_dataset.lsf ./PixelGen/datasets/pbmc-pha-v2.0/combined_resting_PHA_data.pxl pbmcs_pha_with_hs 16 False
------------------------------------------------------------

Successfully completed.

Resource usage summary:

    CPU time :                                   155.00 sec.
    Max Memory :                                 3652 MB
    Average Memory :                             1132.00 MB
    Total Requested Memory :                     524288.00 MB
    Delta Memory :                               520636.00 MB
    Max Swap :                                   -
    Max Processes :                              21
    Max Threads :                                156
    Run time :                                   64 sec.
    Turnaround time :                            62 sec.

The output (if any) is above this job summary.


------------------------------------------------------------
Sender: LSF System <DoNotReply>
Subject: Job 712357: <coloc-dataset> in cluster <wexac> Done

Job <coloc-dataset> was submitted from host <login3> by user <eitangr> in cluster <wexac> at Mon Jun 23 10:18:08 2025
Job was executed on host(s) <hgn55>, in queue <long-gpu>, as user <eitangr> in cluster <wexac> at Mon Jun 23 10:18:14 2025
</home/projects/nyosef/eitangr> was used as the home directory.
</home/projects/nyosef/eitangr/pixelgen> was used as the working directory.
Started at Mon Jun 23 10:18:14 2025
Terminated at Mon Jun 23 11:20:46 2025
Results reported at Mon Jun 23 11:20:46 2025

Your job looked like:

------------------------------------------------------------
# LSBATCH: User input
bash PixelGen/jobs/create_coloc_dataset.lsf ./PixelGen/datasets/pbmc-pha-v2.0/combined_resting_PHA_data.pxl pbmcs_pha_with_hs 16 False
------------------------------------------------------------

Successfully completed.

Resource usage summary:

    CPU time :                                   55816.00 sec.
    Max Memory :                                 307047 MB
    Average Memory :                             64335.91 MB
    Total Requested Memory :                     524288.00 MB
    Delta Memory :                               217241.00 MB
    Max Swap :                                   -
    Max Processes :                              21
    Max Threads :                                323
    Run time :                                   3756 sec.
    Turnaround time :                            3758 sec.

The output (if any) is above this job summary.

/usr/bin/lua: /apps/RHEL9/modules/lmod/lmod/libexec/DirTree.lua:173: interrupted!
stack traceback:
	[C]: in function 'posix.access'
	/apps/RHEL9/modules/lmod/lmod/libexec/DirTree.lua:173: in upvalue 'l_walk'
	/apps/RHEL9/modules/lmod/lmod/libexec/DirTree.lua:248: in upvalue 'l_walk_tree'
	/apps/RHEL9/modules/lmod/lmod/libexec/DirTree.lua:260: in upvalue 'l_walk_tree'
	/apps/RHEL9/modules/lmod/lmod/libexec/DirTree.lua:282: in upvalue 'l_build'
	/apps/RHEL9/modules/lmod/lmod/libexec/DirTree.lua:298: in function 'DirTree.new'
	/apps/RHEL9/modules/lmod/lmod/libexec/ModuleA.lua:615: in function 'ModuleA.__new'
	/apps/RHEL9/modules/lmod/lmod/libexec/ModuleA.lua:687: in function 'ModuleA.singleton'
	/apps/RHEL9/modules/lmod/lmod/libexec/MName.lua:183: in upvalue 'l_lazyEval'
	/apps/RHEL9/modules/lmod/lmod/libexec/MName.lua:272: in function 'MName.sn'
	/apps/RHEL9/modules/lmod/lmod/libexec/Hub.lua:323: in function 'Hub.load'
	/apps/RHEL9/modules/lmod/lmod/libexec/MainControl.lua:1056: in function 'MC_CheckSyntax.load'
	/apps/RHEL9/modules/lmod/lmod/libexec/MainControl.lua:1032: in function 'MC_CheckSyntax.always_load'
	/apps/RHEL9/modules/lmod/lmod/libexec/cmdfuncs.lua:554: in upvalue 'l_usrLoad'
	/apps/RHEL9/modules/lmod/lmod/libexec/cmdfuncs.lua:582: in function 'Load_Usr'
	/apps/RHEL9/modules/lmod/lmod/libexec/lmod:514: in function 'main'
	/apps/RHEL9/modules/lmod/lmod/libexec/lmod:585: in main chunk
	[C]: in ?

------------------------------------------------------------
Sender: LSF System <DoNotReply>
Subject: Job 421571: <coloc-dataset> in cluster <wexac> Exited

Job <coloc-dataset> was submitted from host <login3> by user <eitangr> in cluster <wexac> at Tue Jun 24 16:01:10 2025
Job was executed on host(s) <hgn55>, in queue <long-gpu>, as user <eitangr> in cluster <wexac> at Tue Jun 24 16:01:17 2025
</home/projects/nyosef/eitangr> was used as the home directory.
</home/projects/nyosef/eitangr/pixelgen> was used as the working directory.
Started at Tue Jun 24 16:01:17 2025
Terminated at Tue Jun 24 16:01:21 2025
Results reported at Tue Jun 24 16:01:21 2025

Your job looked like:

------------------------------------------------------------
# LSBATCH: User input
bash PixelGen/jobs/create_coloc_dataset.lsf ./PixelGen/datasets/uropod/uropod_combined.pxl uropod_combined_with_pol 16 False
------------------------------------------------------------

TERM_OWNER: job killed by owner.
Exited with exit code 130.

Resource usage summary:

    CPU time :                                   0.58 sec.
    Max Memory :                                 15 MB
    Average Memory :                             10.67 MB
    Total Requested Memory :                     524288.00 MB
    Delta Memory :                               524273.00 MB
    Max Swap :                                   -
    Max Processes :                              4
    Max Threads :                                7
    Run time :                                   7 sec.
    Turnaround time :                            11 sec.

The output (if any) is above this job summary.


------------------------------------------------------------
Sender: LSF System <DoNotReply>
Subject: Job 432961: <coloc-dataset> in cluster <wexac> Exited

Job <coloc-dataset> was submitted from host <login3> by user <eitangr> in cluster <wexac> at Tue Jun 24 16:21:21 2025
Job was executed on host(s) <lgn04>, in queue <long-gpu>, as user <eitangr> in cluster <wexac> at Tue Jun 24 16:21:24 2025
</home/projects/nyosef/eitangr> was used as the home directory.
</home/projects/nyosef/eitangr/pixelgen> was used as the working directory.
Started at Tue Jun 24 16:21:24 2025
Terminated at Tue Jun 24 16:21:59 2025
Results reported at Tue Jun 24 16:21:59 2025

Your job looked like:

------------------------------------------------------------
# LSBATCH: User input
bash PixelGen/jobs/create_coloc_dataset.lsf ./PixelGen/datasets/pbmc-pha-v2.0/combined_resting_PHA_data.pxl pbmcs_pha_with_hs 16 True
------------------------------------------------------------

Exited with exit code 2.

Resource usage summary:

    CPU time :                                   12.00 sec.
    Max Memory :                                 453 MB
    Average Memory :                             301.14 MB
    Total Requested Memory :                     524288.00 MB
    Delta Memory :                               523835.00 MB
    Max Swap :                                   -
    Max Processes :                              6
    Max Threads :                                26
    Run time :                                   36 sec.
    Turnaround time :                            38 sec.

The output (if any) is above this job summary.


------------------------------------------------------------
Sender: LSF System <DoNotReply>
Subject: Job 435886: <coloc-dataset> in cluster <wexac> Done

Job <coloc-dataset> was submitted from host <login3> by user <eitangr> in cluster <wexac> at Tue Jun 24 16:26:36 2025
Job was executed on host(s) <hgn47>, in queue <long-gpu>, as user <eitangr> in cluster <wexac> at Tue Jun 24 16:27:18 2025
</home/projects/nyosef/eitangr> was used as the home directory.
</home/projects/nyosef/eitangr/pixelgen> was used as the working directory.
Started at Tue Jun 24 16:27:18 2025
Terminated at Tue Jun 24 16:28:16 2025
Results reported at Tue Jun 24 16:28:16 2025

Your job looked like:

------------------------------------------------------------
# LSBATCH: User input
bash PixelGen/jobs/create_coloc_dataset.lsf ./PixelGen/datasets/pbmc-pha-v2.0/combined_resting_PHA_data.pxl pbmcs_pha_with_hs 16 True
------------------------------------------------------------

Successfully completed.

Resource usage summary:

    CPU time :                                   160.00 sec.
    Max Memory :                                 3519 MB
    Average Memory :                             1962.00 MB
    Total Requested Memory :                     524288.00 MB
    Delta Memory :                               520769.00 MB
    Max Swap :                                   -
    Max Processes :                              21
    Max Threads :                                172
    Run time :                                   58 sec.
    Turnaround time :                            100 sec.

The output (if any) is above this job summary.


------------------------------------------------------------
Sender: LSF System <DoNotReply>
Subject: Job 438542: <coloc-dataset> in cluster <wexac> Done

Job <coloc-dataset> was submitted from host <login3> by user <eitangr> in cluster <wexac> at Tue Jun 24 16:31:42 2025
Job was executed on host(s) <hgn45>, in queue <long-gpu>, as user <eitangr> in cluster <wexac> at Tue Jun 24 16:32:04 2025
</home/projects/nyosef/eitangr> was used as the home directory.
</home/projects/nyosef/eitangr/pixelgen> was used as the working directory.
Started at Tue Jun 24 16:32:04 2025
Terminated at Tue Jun 24 16:33:00 2025
Results reported at Tue Jun 24 16:33:00 2025

Your job looked like:

------------------------------------------------------------
# LSBATCH: User input
bash PixelGen/jobs/create_coloc_dataset.lsf ./PixelGen/datasets/pbmc-pha-v2.0/combined_resting_PHA_data.pxl pbmcs_pha_with_hs 16 True
------------------------------------------------------------

Successfully completed.

Resource usage summary:

    CPU time :                                   148.00 sec.
    Max Memory :                                 3518 MB
    Average Memory :                             1881.11 MB
    Total Requested Memory :                     524288.00 MB
    Delta Memory :                               520770.00 MB
    Max Swap :                                   -
    Max Processes :                              21
    Max Threads :                                172
    Run time :                                   61 sec.
    Turnaround time :                            78 sec.

The output (if any) is above this job summary.


------------------------------------------------------------
Sender: LSF System <DoNotReply>
Subject: Job 439562: <coloc-dataset> in cluster <wexac> Done

Job <coloc-dataset> was submitted from host <login3> by user <eitangr> in cluster <wexac> at Tue Jun 24 16:34:07 2025
Job was executed on host(s) <hgn50>, in queue <long-gpu>, as user <eitangr> in cluster <wexac> at Tue Jun 24 16:34:33 2025
</home/projects/nyosef/eitangr> was used as the home directory.
</home/projects/nyosef/eitangr/pixelgen> was used as the working directory.
Started at Tue Jun 24 16:34:33 2025
Terminated at Tue Jun 24 16:35:31 2025
Results reported at Tue Jun 24 16:35:31 2025

Your job looked like:

------------------------------------------------------------
# LSBATCH: User input
bash PixelGen/jobs/create_coloc_dataset.lsf ./PixelGen/datasets/pbmc-pha-v2.0/combined_resting_PHA_data.pxl pbmcs_pha_with_hs 16 True
------------------------------------------------------------

Successfully completed.

Resource usage summary:

    CPU time :                                   136.00 sec.
    Max Memory :                                 3228 MB
    Average Memory :                             1945.30 MB
    Total Requested Memory :                     524288.00 MB
    Delta Memory :                               521060.00 MB
    Max Swap :                                   -
    Max Processes :                              21
    Max Threads :                                172
    Run time :                                   65 sec.
    Turnaround time :                            84 sec.

The output (if any) is above this job summary.


------------------------------------------------------------
Sender: LSF System <DoNotReply>
Subject: Job 440649: <coloc-dataset> in cluster <wexac> Done

Job <coloc-dataset> was submitted from host <login3> by user <eitangr> in cluster <wexac> at Tue Jun 24 16:36:36 2025
Job was executed on host(s) <hgn41>, in queue <long-gpu>, as user <eitangr> in cluster <wexac> at Tue Jun 24 16:36:50 2025
</home/projects/nyosef/eitangr> was used as the home directory.
</home/projects/nyosef/eitangr/pixelgen> was used as the working directory.
Started at Tue Jun 24 16:36:50 2025
Terminated at Tue Jun 24 16:37:47 2025
Results reported at Tue Jun 24 16:37:47 2025

Your job looked like:

------------------------------------------------------------
# LSBATCH: User input
bash PixelGen/jobs/create_coloc_dataset.lsf ./PixelGen/datasets/pbmc-pha-v2.0/combined_resting_PHA_data.pxl pbmcs_pha_with_hs 16 True
------------------------------------------------------------

Successfully completed.

Resource usage summary:

    CPU time :                                   150.00 sec.
    Max Memory :                                 3386 MB
    Average Memory :                             1544.78 MB
    Total Requested Memory :                     524288.00 MB
    Delta Memory :                               520902.00 MB
    Max Swap :                                   -
    Max Processes :                              21
    Max Threads :                                172
    Run time :                                   63 sec.
    Turnaround time :                            71 sec.

The output (if any) is above this job summary.


------------------------------------------------------------
Sender: LSF System <DoNotReply>
Subject: Job 443152: <coloc-dataset> in cluster <wexac> Done

Job <coloc-dataset> was submitted from host <login3> by user <eitangr> in cluster <wexac> at Tue Jun 24 16:42:32 2025
Job was executed on host(s) <lgn02>, in queue <long-gpu>, as user <eitangr> in cluster <wexac> at Tue Jun 24 16:42:38 2025
</home/projects/nyosef/eitangr> was used as the home directory.
</home/projects/nyosef/eitangr/pixelgen> was used as the working directory.
Started at Tue Jun 24 16:42:38 2025
Terminated at Tue Jun 24 16:48:53 2025
Results reported at Tue Jun 24 16:48:53 2025

Your job looked like:

------------------------------------------------------------
# LSBATCH: User input
bash PixelGen/jobs/create_coloc_dataset.lsf ./PixelGen/datasets/uropod/uropod_combined.pxl uropod_combined_with_pol 16 False
------------------------------------------------------------

Successfully completed.

Resource usage summary:

    CPU time :                                   4951.00 sec.
    Max Memory :                                 29022 MB
    Average Memory :                             18477.41 MB
    Total Requested Memory :                     524288.00 MB
    Delta Memory :                               495266.00 MB
    Max Swap :                                   -
    Max Processes :                              21
    Max Threads :                                323
    Run time :                                   378 sec.
    Turnaround time :                            381 sec.

The output (if any) is above this job summary.

